{"level":"info","msg":"Migration Successful!","time":"2021-06-12T17:57:46+03:00"}
{"level":"info","msg":"Migration Successful!","time":"2021-06-12T17:59:06+03:00"}
{"level":"info","msg":"Migration Successful!","time":"2021-06-12T18:02:12+03:00"}
{"level":"info","msg":"Migration Successful!","time":"2021-06-12T18:15:40+03:00"}
{"level":"info","msg":"Migration Successful!","time":"2021-06-12T18:18:59+03:00"}
{"level":"info","msg":"Migration Successful!","time":"2021-06-12T18:51:09+03:00"}
{"level":"info","msg":"Migration Successful!","time":"2021-06-13T16:55:01+03:00"}
{"level":"info","msg":"Migration Successful!","time":"2021-06-13T17:22:44+03:00"}
{"level":"info","msg":"Migration Successful!","time":"2021-06-13T17:31:15+03:00"}
{"level":"info","msg":"Migration Successful!","time":"2021-06-13T17:56:48+03:00"}
{"level":"info","msg":"Kekcreated","time":"2021-06-13T17:56:58+03:00"}
{"level":"info","msg":"Migration Successful!","time":"2021-06-13T18:00:00+03:00"}
{"level":"info","msg":"Kek created","time":"2021-06-13T18:00:10+03:00"}
{"level":"info","msg":"Migration Successful!","time":"2021-06-13T18:13:49+03:00"}
{"level":"info","msg":"Mem created","time":"2021-06-13T18:14:35+03:00"}
{"level":"info","msg":"MiniMem1 created","time":"2021-06-13T18:15:00+03:00"}
{"level":"info","msg":"100 created","time":"2021-06-13T18:15:17+03:00"}
{"level":"info","msg":"Migration Successful!","time":"2021-06-13T18:16:30+03:00"}
{"level":"info","msg":"200 for MiniMem1 created","time":"2021-06-13T18:16:43+03:00"}
{"level":"info","msg":"MiniMem1 reassigned to","time":"2021-06-13T18:17:36+03:00"}
{"level":"info","msg":"MiniMem1 reassigned to","time":"2021-06-13T18:19:03+03:00"}
{"level":"info","msg":"Migration Successful!","time":"2021-06-13T18:19:13+03:00"}
{"level":"info","msg":"MiniMem1 reassigned toTask","time":"2021-06-13T18:19:22+03:00"}
{"level":"info","msg":"Migration Successful!","time":"2021-06-13T18:20:51+03:00"}
{"level":"info","msg":"MiniMem1 reassigned to Mem","time":"2021-06-13T18:21:09+03:00"}
{"level":"info","msg":"8 reassigned to MiniTask1","time":"2021-06-13T18:21:25+03:00"}
{"level":"info","msg":"8 reassigned to MiniTask2","time":"2021-06-13T18:22:29+03:00"}
{"level":"info","msg":"Labor_CostID= 10 deleted","time":"2021-06-13T18:22:44+03:00"}
{"level":"info","msg":"Labor_CostID= 9 deleted","time":"2021-06-13T18:22:45+03:00"}
{"level":"info","msg":"MinitaskID= 5 deleted","time":"2021-06-13T18:22:46+03:00"}
{"level":"info","msg":"TaskID= 12 deleted","time":"2021-06-13T18:22:47+03:00"}
{"level":"info","msg":"Migration Successful!","time":"2021-06-13T19:10:10+03:00"}
{"level":"info","msg":"Task created","time":"2021-06-13T19:10:36+03:00"}
{"level":"info","msg":"MiniTask1 for Task created","time":"2021-06-13T19:10:41+03:00"}
{"level":"info","msg":"MiniTask2 for Task created","time":"2021-06-13T19:10:48+03:00"}
{"level":"info","msg":"2 for MiniTask1 created","time":"2021-06-13T19:10:54+03:00"}
{"level":"info","msg":"4 for MiniTask1 created","time":"2021-06-13T19:10:58+03:00"}
{"level":"info","msg":"6 for MiniTask2 created","time":"2021-06-13T19:11:02+03:00"}
{"level":"info","msg":"8 for MiniTask2 created","time":"2021-06-13T19:11:06+03:00"}
{"level":"info","msg":"Kek created","time":"2021-06-13T19:19:00+03:00"}
{"level":"info","msg":"MiniKek1 for Kek created","time":"2021-06-13T19:19:04+03:00"}
{"level":"info","msg":"MiniKek2 for Kek created","time":"2021-06-13T19:19:09+03:00"}
{"level":"info","msg":"20 for MiniKek1 created","time":"2021-06-13T19:20:12+03:00"}
{"level":"info","msg":"40 for MiniKek1 created","time":"2021-06-13T19:20:16+03:00"}
{"level":"info","msg":"60 for MiniKek2 created","time":"2021-06-13T19:20:22+03:00"}
{"level":"info","msg":"80 for MiniKek2 created","time":"2021-06-13T19:20:26+03:00"}
{"level":"info","msg":"Migration Successful!","time":"2021-06-13T19:24:14+03:00"}
{"level":"info","msg":"Task created","time":"2021-06-13T19:26:01+03:00"}
{"level":"info","msg":"MiniTask1 for Task created","time":"2021-06-13T19:26:07+03:00"}
{"level":"info","msg":"MiniTask2 for Task created","time":"2021-06-13T19:26:15+03:00"}
{"level":"info","msg":"2 for MiniTask1 created","time":"2021-06-13T19:26:20+03:00"}
{"level":"info","msg":"4 for MiniTask1 created","time":"2021-06-13T19:26:24+03:00"}
{"level":"info","msg":"6 for MiniTask2 created","time":"2021-06-13T19:26:28+03:00"}
{"level":"info","msg":"8 for MiniTask2 created","time":"2021-06-13T19:26:32+03:00"}
{"level":"info","msg":"2 for MiniTask1 created","time":"2021-06-13T19:26:50+03:00"}
{"level":"info","msg":"Labor_CostID= 5 deleted","time":"2021-06-13T19:27:11+03:00"}
